<?xml version="1.0" encoding="UTF-8"?>
<!-- Generated by org.testng.reporters.JUnitReportReporter -->
<testsuite skipped="0" hostname="Praveena" name="testcases.NewLegalEntitiesWithoutReqFields_TC" tests="1" failures="0" timestamp="2021-04-23T22:18:49 IST" time="96.732" errors="0">
  <testcase name="runNewLegalEntitiesWithoutReqFields" time="96.732" classname="testcases.NewLegalEntitiesWithoutReqFields_TC"/>
  <system-out/>
</testsuite> <!-- testcases.NewLegalEntitiesWithoutReqFields_TC -->
