<?xml version="1.0" encoding="UTF-8"?>
<!-- Generated by org.testng.reporters.JUnitReportReporter -->
<testsuite skipped="0" hostname="Praveena" name="testcases.DeleteTask_TC" tests="1" failures="0" timestamp="2021-04-23T22:34:04 IST" time="163.024" errors="0">
  <testcase name="runDeleteTask" time="163.024" classname="testcases.DeleteTask_TC"/>
  <system-out/>
</testsuite> <!-- testcases.DeleteTask_TC -->
