<?xml version="1.0" encoding="UTF-8"?>
<!-- Generated by org.testng.reporters.JUnitReportReporter -->
<testsuite skipped="0" hostname="Praveena" name="testcases.TC001_Login" tests="1" failures="0" timestamp="2021-04-17T15:31:21 IST" time="167.675" errors="0">
  <testcase name="login" time="167.675" classname="testcases.TC001_Login"/>
  <system-out/>
</testsuite> <!-- testcases.TC001_Login -->
