<?xml version="1.0" encoding="UTF-8"?>
<!-- Generated by org.testng.reporters.JUnitReportReporter -->
<testsuite skipped="0" hostname="Praveena" name="testcases.NewTaskWithoutReqFields_TC" tests="1" failures="0" timestamp="2021-04-23T22:09:22 IST" time="88.063" errors="0">
  <testcase name="runNewTaskWithoutRequiredFields" time="88.063" classname="testcases.NewTaskWithoutReqFields_TC"/>
  <system-out/>
</testsuite> <!-- testcases.NewTaskWithoutReqFields_TC -->
